TN:
SF:src\components\Form\Button\index.tsx
FN:10,(anonymous_0)
FNF:1
FNH:1
FNDA:4,(anonymous_0)
DA:10,1
DA:11,4
LF:2
LH:2
BRF:0
BRH:0
end_of_record
TN:
SF:src\components\Form\CategorySelect\index.tsx
FN:11,(anonymous_0)
FNF:1
FNH:1
FNDA:2,(anonymous_0)
DA:11,1
DA:12,2
LF:2
LH:2
BRF:0
BRH:0
end_of_record
TN:
SF:src\components\Form\Input\index.tsx
FN:12,(anonymous_0)
FNF:1
FNH:1
FNDA:5,(anonymous_0)
DA:12,2
DA:13,5
LF:2
LH:2
BRDA:15,0,0,5
BRDA:15,0,1,0
BRDA:15,0,2,0
BRDA:17,1,0,5
BRDA:17,1,1,0
BRF:5
BRH:2
end_of_record
TN:
SF:src\components\Form\TransactionTypeButton\index.tsx
FN:18,(anonymous_0)
FNF:1
FNH:1
FNDA:4,(anonymous_0)
DA:13,1
DA:18,1
DA:19,4
LF:3
LH:3
BRF:0
BRH:0
end_of_record
TN:
SF:src\components\HighlightCard\index.tsx
FN:27,(anonymous_0)
FNF:1
FNH:0
FNDA:0,(anonymous_0)
DA:21,0
DA:27,0
DA:33,0
LF:3
LH:0
BRDA:31,0,0,0
BRF:1
BRH:0
end_of_record
TN:
SF:src\components\HistoryCard\index.tsx
FN:11,(anonymous_0)
FNF:1
FNH:0
FNDA:0,(anonymous_0)
DA:11,0
DA:12,0
LF:2
LH:0
BRF:0
BRH:0
end_of_record
TN:
SF:src\components\SignInSocial\index.tsx
FN:13,(anonymous_0)
FNF:1
FNH:0
FNDA:0,(anonymous_0)
DA:13,0
DA:14,0
LF:2
LH:0
BRF:0
BRH:0
end_of_record
TN:
SF:src\components\TransactionCard\index.tsx
FN:33,(anonymous_0)
FN:37,(anonymous_1)
FNF:2
FNH:0
FNDA:0,(anonymous_0)
FNDA:0,(anonymous_1)
DA:33,0
DA:36,0
DA:37,0
DA:40,0
LF:4
LH:0
BRDA:45,0,0,0
BRDA:45,0,1,0
BRF:2
BRH:0
end_of_record
TN:
SF:src\hooks\auth.tsx
FN:38,(anonymous_0)
FN:40,(anonymous_1)
FN:41,(anonymous_2)
FN:45,(anonymous_3)
FN:49,(anonymous_4)
FN:93,(anonymous_5)
FN:119,(anonymous_6)
FN:124,(anonymous_7)
FN:125,(anonymous_8)
FN:142,(anonymous_9)
FNF:10
FNH:5
FNDA:0,(anonymous_0)
FNDA:0,(anonymous_1)
FNDA:0,(anonymous_2)
FNDA:3,(anonymous_3)
FNDA:1,(anonymous_4)
FNDA:0,(anonymous_5)
FNDA:0,(anonymous_6)
FNDA:1,(anonymous_7)
FNDA:1,(anonymous_8)
FNDA:5,(anonymous_9)
DA:37,2
DA:45,2
DA:46,3
DA:47,3
DA:49,3
DA:50,1
DA:52,1
DA:53,1
DA:54,1
DA:56,1
DA:58,1
DA:62,1
DA:64,1
DA:65,1
DA:69,1
DA:71,1
DA:78,1
DA:89,0
DA:93,3
DA:94,0
DA:95,0
DA:102,0
DA:103,0
DA:105,0
DA:112,0
DA:115,0
DA:119,3
DA:120,0
DA:121,0
DA:124,3
DA:125,1
DA:126,1
DA:127,1
DA:130,1
DA:133,3
DA:142,2
DA:143,5
DA:144,5
LF:38
LH:28
BRDA:64,0,0,1
BRDA:64,0,1,0
BRDA:102,1,0,0
BRDA:102,1,1,0
BRDA:127,2,0,1
BRDA:127,2,1,0
BRF:6
BRH:2
end_of_record
TN:
SF:src\routes\app.routes.tsx
FN:11,(anonymous_0)
FN:31,(anonymous_1)
FN:45,(anonymous_2)
FN:55,(anonymous_3)
FNF:4
FNH:0
FNDA:0,(anonymous_0)
FNDA:0,(anonymous_1)
FNDA:0,(anonymous_2)
FNDA:0,(anonymous_3)
DA:9,0
DA:11,0
DA:12,0
DA:14,0
DA:32,0
DA:46,0
DA:56,0
LF:7
LH:0
BRDA:23,0,0,0
BRDA:23,0,1,0
BRF:2
BRH:0
end_of_record
TN:
SF:src\routes\auth.routes.tsx
FN:8,(anonymous_0)
FNF:1
FNH:0
FNDA:0,(anonymous_0)
DA:6,0
DA:8,0
DA:9,0
LF:3
LH:0
BRF:0
BRH:0
end_of_record
TN:
SF:src\routes\index.routes.tsx
FN:7,(anonymous_0)
FNF:1
FNH:0
FNDA:0,(anonymous_0)
DA:7,0
DA:8,0
DA:10,0
LF:3
LH:0
BRDA:12,0,0,0
BRDA:12,0,1,0
BRF:2
BRH:0
end_of_record
TN:
SF:src\screens\CategoryView\index.tsx
FN:29,(anonymous_0)
FN:39,(anonymous_1)
FN:40,(anonymous_2)
FN:41,(anonymous_3)
FN:44,(anonymous_4)
FN:56,(anonymous_5)
FNF:6
FNH:4
FNDA:2,(anonymous_0)
FNDA:12,(anonymous_1)
FNDA:10,(anonymous_2)
FNDA:12,(anonymous_3)
FNDA:0,(anonymous_4)
FNDA:0,(anonymous_5)
DA:29,1
DA:30,2
DA:39,12
DA:40,10
DA:42,12
DA:45,0
DA:56,0
LF:7
LH:5
BRF:0
BRH:0
end_of_record
TN:
SF:src\screens\Dashboard\index.tsx
FN:60,(anonymous_0)
FN:66,(anonymous_1)
FN:69,(anonymous_2)
FN:75,(anonymous_3)
FN:85,(anonymous_4)
FN:119,(anonymous_5)
FN:133,(anonymous_6)
FN:175,(anonymous_7)
FN:180,(anonymous_8)
FN:238,(anonymous_9)
FN:250,(anonymous_10)
FNF:11
FNH:0
FNDA:0,(anonymous_0)
FNDA:0,(anonymous_1)
FNDA:0,(anonymous_2)
FNDA:0,(anonymous_3)
FNDA:0,(anonymous_4)
FNDA:0,(anonymous_5)
FNDA:0,(anonymous_6)
FNDA:0,(anonymous_7)
FNDA:0,(anonymous_8)
FNDA:0,(anonymous_9)
FNDA:0,(anonymous_10)
DA:54,0
DA:60,0
DA:65,0
DA:66,0
DA:69,0
DA:70,0
DA:72,0
DA:75,0
DA:77,0
DA:79,0
DA:80,0
DA:82,0
DA:83,0
DA:85,0
DA:86,0
DA:87,0
DA:89,0
DA:90,0
DA:92,0
DA:93,0
DA:94,0
DA:95,0
DA:97,0
DA:100,0
DA:105,0
DA:106,0
DA:108,0
DA:109,0
DA:110,0
DA:112,0
DA:113,0
DA:116,0
DA:119,0
DA:120,0
DA:121,0
DA:123,0
DA:124,0
DA:128,0
DA:129,0
DA:131,0
DA:132,0
DA:134,0
DA:136,0
DA:141,0
DA:145,0
DA:149,0
DA:167,0
DA:172,0
DA:175,0
DA:176,0
DA:179,0
DA:181,0
DA:185,0
DA:239,0
DA:240,0
DA:241,0
DA:251,0
DA:252,0
LF:58
LH:0
BRDA:65,0,0,0
BRDA:65,0,1,0
BRDA:70,1,0,0
BRDA:70,1,1,0
BRDA:72,2,0,0
BRDA:72,2,1,0
BRDA:89,3,0,0
BRDA:89,3,1,0
BRDA:90,4,0,0
BRDA:90,4,1,0
BRDA:92,5,0,0
BRDA:92,5,1,0
BRDA:94,6,0,0
BRDA:94,6,1,0
BRDA:101,7,0,0
BRDA:101,7,1,0
BRDA:108,8,0,0
BRDA:108,8,1,0
BRDA:108,9,0,0
BRDA:108,9,1,0
BRDA:112,10,0,0
BRDA:112,10,1,0
BRDA:112,11,0,0
BRDA:112,11,1,0
BRDA:123,12,0,0
BRDA:123,12,1,0
BRDA:128,13,0,0
BRDA:128,13,1,0
BRDA:131,14,0,0
BRDA:131,14,1,0
BRDA:141,15,0,0
BRDA:141,15,1,0
BRDA:172,16,0,0
BRDA:172,16,1,0
BRDA:187,17,0,0
BRDA:187,17,1,0
BRF:36
BRH:0
end_of_record
TN:
SF:src\screens\Profile\index.tsx
FN:8,(anonymous_0)
FN:26,(anonymous_1)
FNF:2
FNH:1
FNDA:3,(anonymous_0)
FNDA:0,(anonymous_1)
DA:8,1
DA:9,3
LF:2
LH:2
BRF:0
BRH:0
end_of_record
TN:
SF:src\screens\Register\index.tsx
FN:40,(anonymous_0)
FN:52,(anonymous_1)
FN:92,(anonymous_2)
FN:96,(anonymous_3)
FN:100,(anonymous_4)
FN:105,(anonymous_5)
FN:116,(anonymous_6)
FN:152,(anonymous_7)
FN:159,(anonymous_8)
FN:170,(anonymous_9)
FNF:10
FNH:3
FNDA:2,(anonymous_0)
FNDA:0,(anonymous_1)
FNDA:0,(anonymous_2)
FNDA:1,(anonymous_3)
FNDA:0,(anonymous_4)
FNDA:0,(anonymous_5)
FNDA:2,(anonymous_6)
FNDA:0,(anonymous_7)
FNDA:0,(anonymous_8)
FNDA:0,(anonymous_9)
DA:28,1
DA:40,1
DA:41,2
DA:43,2
DA:45,2
DA:49,2
DA:50,2
DA:52,2
DA:53,0
DA:55,0
DA:56,0
DA:58,0
DA:67,0
DA:68,0
DA:69,0
DA:72,0
DA:73,0
DA:75,0
DA:81,0
DA:82,0
DA:85,0
DA:86,0
DA:87,0
DA:89,0
DA:92,2
DA:93,0
DA:96,2
DA:97,1
DA:100,2
DA:101,0
DA:104,2
DA:105,0
DA:124,2
DA:152,0
DA:159,0
DA:170,0
LF:36
LH:14
BRDA:53,0,0,0
BRDA:53,0,1,0
BRDA:55,1,0,0
BRDA:55,1,1,0
BRDA:68,2,0,0
BRDA:68,2,1,0
BRDA:72,3,0,0
BRDA:72,3,1,0
BRDA:101,4,0,0
BRDA:101,4,1,0
BRF:10
BRH:0
end_of_record
TN:
SF:src\screens\Resume\index.tsx
FN:40,(anonymous_0)
FN:48,(anonymous_1)
FN:55,(anonymous_2)
FN:62,(anonymous_3)
FN:68,(anonymous_4)
FN:71,(anonymous_5)
FN:77,(anonymous_6)
FN:102,(anonymous_7)
FN:127,(anonymous_8)
FN:135,(anonymous_9)
FN:142,(anonymous_10)
FN:150,(anonymous_11)
FN:158,(anonymous_12)
FNF:13
FNH:0
FNDA:0,(anonymous_0)
FNDA:0,(anonymous_1)
FNDA:0,(anonymous_2)
FNDA:0,(anonymous_3)
FNDA:0,(anonymous_4)
FNDA:0,(anonymous_5)
FNDA:0,(anonymous_6)
FNDA:0,(anonymous_7)
FNDA:0,(anonymous_8)
FNDA:0,(anonymous_9)
FNDA:0,(anonymous_10)
FNDA:0,(anonymous_11)
FNDA:0,(anonymous_12)
DA:40,0
DA:41,0
DA:42,0
DA:43,0
DA:44,0
DA:45,0
DA:46,0
DA:48,0
DA:49,0
DA:50,0
DA:52,0
DA:55,0
DA:56,0
DA:57,0
DA:58,0
DA:59,0
DA:61,0
DA:63,0
DA:68,0
DA:69,0
DA:71,0
DA:72,0
DA:73,0
DA:76,0
DA:78,0
DA:82,0
DA:86,0
DA:87,0
DA:96,0
DA:98,0
DA:101,0
DA:103,0
DA:107,0
DA:127,0
DA:135,0
DA:142,0
DA:150,0
DA:159,0
LF:38
LH:0
BRDA:49,0,0,0
BRDA:49,0,1,0
BRDA:56,1,0,0
BRDA:56,1,1,0
BRDA:59,2,0,0
BRDA:59,2,1,0
BRDA:63,3,0,0
BRDA:63,3,1,0
BRDA:63,3,2,0
BRDA:72,4,0,0
BRDA:72,4,1,0
BRDA:86,5,0,0
BRDA:86,5,1,0
BRDA:113,6,0,0
BRDA:113,6,1,0
BRDA:157,7,0,0
BRDA:157,7,1,0
BRF:17
BRH:0
end_of_record
TN:
SF:src\screens\SignIn\index.tsx
FN:23,(anonymous_0)
FN:28,(anonymous_1)
FN:40,(anonymous_2)
FNF:3
FNH:0
FNDA:0,(anonymous_0)
FNDA:0,(anonymous_1)
FNDA:0,(anonymous_2)
DA:23,0
DA:24,0
DA:25,0
DA:26,0
DA:28,0
DA:29,0
DA:31,0
DA:32,0
DA:34,0
DA:35,0
DA:36,0
DA:40,0
DA:41,0
DA:43,0
DA:44,0
DA:46,0
DA:47,0
DA:48,0
DA:52,0
LF:19
LH:0
BRDA:74,0,0,0
BRDA:74,0,1,0
BRDA:83,1,0,0
BRDA:83,1,1,0
BRF:4
BRH:0
end_of_record
